<?xml version="1.0" encoding="UTF-8"?>
<!-- Generated by org.testng.reporters.JUnitReportReporter -->
<testsuite hostname="DESKTOP-N0MHFJF" failures="0" tests="1" name="testcases.TC_001_AccountRegistration" time="3.504" errors="0" timestamp="2024-07-24T16:39:19 IST" skipped="0">
  <testcase classname="testcases.TC_001_AccountRegistration" name="verify_account_registration" time="3.504"/>
</testsuite> <!-- testcases.TC_001_AccountRegistration -->
