<?xml version="1.0" encoding="UTF-8"?>
<!-- Generated by org.testng.reporters.JUnitReportReporter -->
<testsuite hostname="DESKTOP-N0MHFJF" failures="0" tests="1" name="testcases.TC_002_MyLoginPage" time="2.284" errors="0" timestamp="2024-07-24T16:39:19 IST" skipped="0">
  <testcase classname="testcases.TC_002_MyLoginPage" name="verify_Login" time="2.284"/>
</testsuite> <!-- testcases.TC_002_MyLoginPage -->
